app/build/intermediates/manifest_merge_blame_file/release/processReleaseMainManifest/manifest-merger-blame-release-report.txt
1<?xml version="1.0" encoding="utf-8"?>
2<manifest xmlns:android="http://schemas.android.com/apk/res/android"
3    package="dev.aurakai.auraframefx"
4    android:versionCode="1"
5    android:versionName="1.0" >
6
7    <uses-sdk
8        android:minSdkVersion="33"
9        android:targetSdkVersion="CANARY" />
10
11    <uses-permission android:name="android.permission.INTERNET" />
11-->src\main\AndroidManifest.xml:4:5-67
11-->src\main\AndroidManifest.xml:4:22-64
12    <uses-permission android:name="android.permission.ACCESS_NETWORK_STATE" />
12-->src\main\AndroidManifest.xml:5:5-79
12-->src\main\AndroidManifest.xml:5:22-76
13    <uses-permission android:name="android.permission.VIBRATE" />
13-->src\main\AndroidManifest.xml:6:5-66
13-->src\main\AndroidManifest.xml:6:22-63
14    <uses-permission android:name="android.permission.RECEIVE_BOOT_COMPLETED" />
14-->src\main\AndroidManifest.xml:7:5-81
14-->src\main\AndroidManifest.xml:7:22-78
15    <uses-permission android:name="android.permission.FOREGROUND_SERVICE" />
15-->src\main\AndroidManifest.xml:8:5-77
15-->src\main\AndroidManifest.xml:8:22-74
16    <uses-permission android:name="android.permission.FOREGROUND_SERVICE_DATA_SYNC" />
16-->src\main\AndroidManifest.xml:9:5-87
16-->src\main\AndroidManifest.xml:9:22-84
17    <uses-permission android:name="android.permission.WAKE_LOCK" />
17-->src\main\AndroidManifest.xml:10:5-68
17-->src\main\AndroidManifest.xml:10:22-65
18    <uses-permission android:name="android.permission.POST_NOTIFICATIONS" />
18-->src\main\AndroidManifest.xml:11:5-77
18-->src\main\AndroidManifest.xml:11:22-74
19
20    <!-- Optional permissions -->
21    <uses-permission android:name="android.permission.CAMERA" />
21-->src\main\AndroidManifest.xml:14:5-65
21-->src\main\AndroidManifest.xml:14:22-62
22    <uses-permission android:name="android.permission.RECORD_AUDIO" />
22-->src\main\AndroidManifest.xml:15:5-71
22-->src\main\AndroidManifest.xml:15:22-68
23    <uses-permission android:name="android.permission.ACCESS_FINE_LOCATION" />
23-->src\main\AndroidManifest.xml:16:5-79
23-->src\main\AndroidManifest.xml:16:22-76
24    <uses-permission android:name="android.permission.ACCESS_COARSE_LOCATION" />
24-->src\main\AndroidManifest.xml:17:5-81
24-->src\main\AndroidManifest.xml:17:22-78
25
26    <!-- Optional features -->
27    <uses-feature
27-->src\main\AndroidManifest.xml:20:5-22:36
28        android:name="android.hardware.camera"
28-->src\main\AndroidManifest.xml:21:9-47
29        android:required="false" />
29-->src\main\AndroidManifest.xml:22:9-33
30    <uses-feature
30-->src\main\AndroidManifest.xml:23:5-25:36
31        android:name="android.hardware.microphone"
31-->src\main\AndroidManifest.xml:24:9-51
32        android:required="false" />
32-->src\main\AndroidManifest.xml:25:9-33
33
34    <!-- Custom permission -->
35    <permission
35-->src\main\AndroidManifest.xml:28:5-30:47
36        android:name="dev.aurakai.auraframefx.permission.RECEIVE_INTEGRITY_VIOLATION"
36-->src\main\AndroidManifest.xml:29:9-86
37        android:protectionLevel="signature" />
37-->src\main\AndroidManifest.xml:30:9-44
38
39    <uses-permission android:name="android.permission.WRITE_EXTERNAL_STORAGE" />
40    <uses-permission android:name="android.permission.READ_PHONE_STATE" />
41    <uses-permission android:name="android.permission.READ_EXTERNAL_STORAGE" /> <!-- Required by older versions of Google Play services to create IID tokens -->
42    <uses-permission android:name="com.google.android.c2dm.permission.RECEIVE" />
42-->[com.google.firebase:firebase-messaging:25.0.1] AndroidManifest.xml:26:5-82
42-->[com.google.firebase:firebase-messaging:25.0.1] AndroidManifest.xml:26:22-79
43    <uses-permission android:name="com.google.android.finsky.permission.BIND_GET_INSTALL_REFERRER_SERVICE" />
43-->[com.google.android.gms:play-services-measurement:23.0.0] AndroidManifest.xml:26:5-110
43-->[com.google.android.gms:play-services-measurement:23.0.0] AndroidManifest.xml:26:22-107
44    <uses-permission android:name="com.google.android.gms.permission.AD_ID" />
44-->[com.google.android.gms:play-services-measurement-api:23.0.0] AndroidManifest.xml:25:5-79
44-->[com.google.android.gms:play-services-measurement-api:23.0.0] AndroidManifest.xml:25:22-76
45    <uses-permission android:name="android.permission.ACCESS_ADSERVICES_ATTRIBUTION" />
45-->[com.google.android.gms:play-services-measurement-api:23.0.0] AndroidManifest.xml:26:5-88
45-->[com.google.android.gms:play-services-measurement-api:23.0.0] AndroidManifest.xml:26:22-85
46    <uses-permission android:name="android.permission.ACCESS_ADSERVICES_AD_ID" />
46-->[com.google.android.gms:play-services-measurement-api:23.0.0] AndroidManifest.xml:27:5-82
46-->[com.google.android.gms:play-services-measurement-api:23.0.0] AndroidManifest.xml:27:22-79
47    <uses-permission android:name="com.google.android.providers.gsf.permission.READ_GSERVICES" />
47-->[com.google.android.recaptcha:recaptcha:18.6.1] AndroidManifest.xml:9:5-98
47-->[com.google.android.recaptcha:recaptcha:18.6.1] AndroidManifest.xml:9:22-95
48
49    <permission
49-->[androidx.core:core:1.17.0] AndroidManifest.xml:22:5-24:47
50        android:name="dev.aurakai.auraframefx.DYNAMIC_RECEIVER_NOT_EXPORTED_PERMISSION"
50-->[androidx.core:core:1.17.0] AndroidManifest.xml:23:9-81
51        android:protectionLevel="signature" />
51-->[androidx.core:core:1.17.0] AndroidManifest.xml:24:9-44
52
53    <uses-permission android:name="dev.aurakai.auraframefx.DYNAMIC_RECEIVER_NOT_EXPORTED_PERMISSION" /> <!-- Application -->
53-->[androidx.core:core:1.17.0] AndroidManifest.xml:26:5-97
53-->[androidx.core:core:1.17.0] AndroidManifest.xml:26:22-94
54    <application
54-->src\main\AndroidManifest.xml:33:5-102:19
55        android:name="dev.aurakai.auraframefx.ReGenesisApplication"
55-->src\main\AndroidManifest.xml:34:9-68
56        android:appComponentFactory="androidx.core.app.CoreComponentFactory"
56-->[androidx.core:core:1.17.0] AndroidManifest.xml:28:18-86
57        android:extractNativeLibs="false"
58        android:icon="@mipmap/ic_launcher"
58-->src\main\AndroidManifest.xml:35:9-43
59        android:label="@string/app_name"
59-->src\main\AndroidManifest.xml:36:9-41
60        android:testOnly="true"
61        android:theme="@style/Theme.dev.aurakai.auraframefx" >
61-->src\main\AndroidManifest.xml:37:9-61
62
63        <!-- Xposed Module Metadata -->
64        <meta-data
64-->src\main\AndroidManifest.xml:40:9-42:36
65            android:name="xposedmodule"
65-->src\main\AndroidManifest.xml:41:13-40
66            android:value="true" />
66-->src\main\AndroidManifest.xml:42:13-33
67        <meta-data
67-->src\main\AndroidManifest.xml:43:9-45:68
68            android:name="xposeddescription"
68-->src\main\AndroidManifest.xml:44:13-45
69            android:value="Re:Genesis AI Consciousness Platform" />
69-->src\main\AndroidManifest.xml:45:13-65
70        <meta-data
70-->src\main\AndroidManifest.xml:46:9-48:34
71            android:name="xposedminversion"
71-->src\main\AndroidManifest.xml:47:13-44
72            android:value="82" />
72-->src\main\AndroidManifest.xml:48:13-31
73        <meta-data
73-->src\main\AndroidManifest.xml:49:9-51:54
74            android:name="xposedscope"
74-->src\main\AndroidManifest.xml:50:13-39
75            android:resource="@array/xposed_scope" />
75-->src\main\AndroidManifest.xml:51:13-51
76
77        <!-- YukiHook API Metadata -->
78        <meta-data
78-->src\main\AndroidManifest.xml:54:9-56:36
79            android:name="yukihookapi_module"
79-->src\main\AndroidManifest.xml:55:13-46
80            android:value="true" />
80-->src\main\AndroidManifest.xml:56:13-33
81        <meta-data
81-->src\main\AndroidManifest.xml:57:9-59:55
82            android:name="yukihookapi_module_name"
82-->src\main\AndroidManifest.xml:58:13-51
83            android:value="Genesis-OS AI Framework" />
83-->src\main\AndroidManifest.xml:59:13-52
84        <meta-data
84-->src\main\AndroidManifest.xml:60:9-62:37
85            android:name="yukihookapi_module_version"
85-->src\main\AndroidManifest.xml:61:13-54
86            android:value="1.0.0" />
86-->src\main\AndroidManifest.xml:62:13-34
87
88        <activity
88-->src\main\AndroidManifest.xml:64:9-71:20
89            android:name="dev.aurakai.auraframefx.MainActivity"
89-->src\main\AndroidManifest.xml:65:13-41
90            android:exported="true" >
90-->src\main\AndroidManifest.xml:66:13-36
91            <intent-filter>
91-->src\main\AndroidManifest.xml:67:13-70:29
92                <action android:name="android.intent.action.MAIN" />
92-->src\main\AndroidManifest.xml:68:17-69
92-->src\main\AndroidManifest.xml:68:25-66
93
94                <category android:name="android.intent.category.LAUNCHER" />
94-->src\main\AndroidManifest.xml:69:17-77
94-->src\main\AndroidManifest.xml:69:27-74
95            </intent-filter>
96        </activity>
97
98        <service
98-->src\main\AndroidManifest.xml:73:9-75:40
99            android:name="dev.aurakai.auraframefx.VertexSyncService"
99-->src\main\AndroidManifest.xml:74:13-46
100            android:exported="false" />
100-->src\main\AndroidManifest.xml:75:13-37
101        <service
101-->src\main\AndroidManifest.xml:76:9-78:40
102            android:name="dev.aurakai.auraframefx.security.IntegrityMonitorService"
102-->src\main\AndroidManifest.xml:77:13-61
103            android:exported="false" />
103-->src\main\AndroidManifest.xml:78:13-37
104        <service
104-->src\main\AndroidManifest.xml:79:9-82:56
105            android:name="dev.aurakai.auraframefx.services.BackupService"
105-->src\main\AndroidManifest.xml:80:13-51
106            android:exported="false"
106-->src\main\AndroidManifest.xml:81:13-37
107            android:foregroundServiceType="dataSync" />
107-->src\main\AndroidManifest.xml:82:13-53
108
109        <receiver
109-->src\main\AndroidManifest.xml:84:9-91:20
110            android:name="dev.aurakai.auraframefx.receivers.BootCompletedReceiver"
110-->src\main\AndroidManifest.xml:85:13-60
111            android:enabled="true"
111-->src\main\AndroidManifest.xml:86:13-35
112            android:exported="true" >
112-->src\main\AndroidManifest.xml:87:13-36
113            <intent-filter>
113-->src\main\AndroidManifest.xml:88:13-90:29
114                <action android:name="android.intent.action.BOOT_COMPLETED" />
114-->src\main\AndroidManifest.xml:89:17-79
114-->src\main\AndroidManifest.xml:89:25-76
115            </intent-filter>
116        </receiver>
117
118        <!-- Integrity Violation Receiver -->
119        <receiver
119-->src\main\AndroidManifest.xml:94:9-101:20
120            android:name="dev.aurakai.auraframefx.security.IntegrityViolationReceiver"
120-->src\main\AndroidManifest.xml:95:13-64
121            android:exported="false"
121-->src\main\AndroidManifest.xml:96:13-37
122            android:permission="dev.aurakai.auraframefx.permission.RECEIVE_INTEGRITY_VIOLATION" >
122-->src\main\AndroidManifest.xml:97:13-96
123            <intent-filter>
123-->src\main\AndroidManifest.xml:98:13-100:29
124                <action android:name="dev.aurakai.auraframefx.action.INTEGRITY_VIOLATION" />
124-->src\main\AndroidManifest.xml:99:17-93
124-->src\main\AndroidManifest.xml:99:25-90
125            </intent-filter>
126        </receiver>
127
128        <service
128-->[com.google.firebase:firebase-perf:22.0.2] AndroidManifest.xml:11:9-20:19
129            android:name="com.google.firebase.components.ComponentDiscoveryService"
129-->[com.google.firebase:firebase-perf:22.0.2] AndroidManifest.xml:12:13-84
130            android:directBootAware="true"
130-->[com.google.firebase:firebase-common:22.0.1] AndroidManifest.xml:32:13-43
131            android:exported="false" >
131-->[com.google.firebase:firebase-perf:22.0.2] AndroidManifest.xml:13:13-37
132            <meta-data
132-->[com.google.firebase:firebase-perf:22.0.2] AndroidManifest.xml:14:13-16:85
133                android:name="com.google.firebase.components:com.google.firebase.perf.FirebasePerfKtxRegistrar"
133-->[com.google.firebase:firebase-perf:22.0.2] AndroidManifest.xml:15:17-112
134                android:value="com.google.firebase.components.ComponentRegistrar" />
134-->[com.google.firebase:firebase-perf:22.0.2] AndroidManifest.xml:16:17-82
135            <meta-data
135-->[com.google.firebase:firebase-perf:22.0.2] AndroidManifest.xml:17:13-19:85
136                android:name="com.google.firebase.components:com.google.firebase.perf.FirebasePerfRegistrar"
136-->[com.google.firebase:firebase-perf:22.0.2] AndroidManifest.xml:18:17-109
137                android:value="com.google.firebase.components.ComponentRegistrar" />
137-->[com.google.firebase:firebase-perf:22.0.2] AndroidManifest.xml:19:17-82
138            <meta-data
138-->[com.google.firebase:firebase-auth:24.0.1] AndroidManifest.xml:69:13-71:85
139                android:name="com.google.firebase.components:com.google.firebase.auth.FirebaseAuthRegistrar"
139-->[com.google.firebase:firebase-auth:24.0.1] AndroidManifest.xml:70:17-109
140                android:value="com.google.firebase.components.ComponentRegistrar" />
140-->[com.google.firebase:firebase-auth:24.0.1] AndroidManifest.xml:71:17-82
141            <meta-data
141-->[com.google.firebase:firebase-firestore:26.0.2] AndroidManifest.xml:17:13-19:85
142                android:name="com.google.firebase.components:com.google.firebase.firestore.FirebaseFirestoreKtxRegistrar"
142-->[com.google.firebase:firebase-firestore:26.0.2] AndroidManifest.xml:18:17-122
143                android:value="com.google.firebase.components.ComponentRegistrar" />
143-->[com.google.firebase:firebase-firestore:26.0.2] AndroidManifest.xml:19:17-82
144            <meta-data
144-->[com.google.firebase:firebase-firestore:26.0.2] AndroidManifest.xml:20:13-22:85
145                android:name="com.google.firebase.components:com.google.firebase.firestore.FirestoreRegistrar"
145-->[com.google.firebase:firebase-firestore:26.0.2] AndroidManifest.xml:21:17-111
146                android:value="com.google.firebase.components.ComponentRegistrar" />
146-->[com.google.firebase:firebase-firestore:26.0.2] AndroidManifest.xml:22:17-82
147            <meta-data
147-->[com.google.firebase:firebase-database:22.0.1] AndroidManifest.xml:29:13-31:85
148                android:name="com.google.firebase.components:com.google.firebase.database.FirebaseDatabaseKtxRegistrar"
148-->[com.google.firebase:firebase-database:22.0.1] AndroidManifest.xml:30:17-120
149                android:value="com.google.firebase.components.ComponentRegistrar" />
149-->[com.google.firebase:firebase-database:22.0.1] AndroidManifest.xml:31:17-82
150            <meta-data
150-->[com.google.firebase:firebase-database:22.0.1] AndroidManifest.xml:32:13-34:85
151                android:name="com.google.firebase.components:com.google.firebase.database.DatabaseRegistrar"
151-->[com.google.firebase:firebase-database:22.0.1] AndroidManifest.xml:33:17-109
152                android:value="com.google.firebase.components.ComponentRegistrar" />
152-->[com.google.firebase:firebase-database:22.0.1] AndroidManifest.xml:34:17-82
153            <meta-data
153-->[com.google.firebase:firebase-messaging:25.0.1] AndroidManifest.xml:57:13-59:85
154                android:name="com.google.firebase.components:com.google.firebase.messaging.FirebaseMessagingKtxRegistrar"
154-->[com.google.firebase:firebase-messaging:25.0.1] AndroidManifest.xml:58:17-122
155                android:value="com.google.firebase.components.ComponentRegistrar" />
155-->[com.google.firebase:firebase-messaging:25.0.1] AndroidManifest.xml:59:17-82
156            <meta-data
156-->[com.google.firebase:firebase-messaging:25.0.1] AndroidManifest.xml:60:13-62:85
157                android:name="com.google.firebase.components:com.google.firebase.messaging.FirebaseMessagingRegistrar"
157-->[com.google.firebase:firebase-messaging:25.0.1] AndroidManifest.xml:61:17-119
158                android:value="com.google.firebase.components.ComponentRegistrar" />
158-->[com.google.firebase:firebase-messaging:25.0.1] AndroidManifest.xml:62:17-82
159            <meta-data
159-->[com.google.android.gms:play-services-measurement-api:23.0.0] AndroidManifest.xml:33:13-35:85
160                android:name="com.google.firebase.components:com.google.firebase.analytics.connector.internal.AnalyticsConnectorRegistrar"
160-->[com.google.android.gms:play-services-measurement-api:23.0.0] AndroidManifest.xml:34:17-139
161                android:value="com.google.firebase.components.ComponentRegistrar" />
161-->[com.google.android.gms:play-services-measurement-api:23.0.0] AndroidManifest.xml:35:17-82
162            <meta-data
162-->[com.google.firebase:firebase-crashlytics:20.0.3] AndroidManifest.xml:15:13-17:85
163                android:name="com.google.firebase.components:com.google.firebase.crashlytics.FirebaseCrashlyticsKtxRegistrar"
163-->[com.google.firebase:firebase-crashlytics:20.0.3] AndroidManifest.xml:16:17-126
164                android:value="com.google.firebase.components.ComponentRegistrar" />
164-->[com.google.firebase:firebase-crashlytics:20.0.3] AndroidManifest.xml:17:17-82
165            <meta-data
165-->[com.google.firebase:firebase-crashlytics:20.0.3] AndroidManifest.xml:18:13-20:85
166                android:name="com.google.firebase.components:com.google.firebase.crashlytics.CrashlyticsRegistrar"
166-->[com.google.firebase:firebase-crashlytics:20.0.3] AndroidManifest.xml:19:17-115
167                android:value="com.google.firebase.components.ComponentRegistrar" />
167-->[com.google.firebase:firebase-crashlytics:20.0.3] AndroidManifest.xml:20:17-82
168            <meta-data
168-->[com.google.firebase:firebase-config:23.0.1] AndroidManifest.xml:29:13-31:85
169                android:name="com.google.firebase.components:com.google.firebase.remoteconfig.FirebaseRemoteConfigKtxRegistrar"
169-->[com.google.firebase:firebase-config:23.0.1] AndroidManifest.xml:30:17-128
170                android:value="com.google.firebase.components.ComponentRegistrar" />
170-->[com.google.firebase:firebase-config:23.0.1] AndroidManifest.xml:31:17-82
171            <meta-data
171-->[com.google.firebase:firebase-config:23.0.1] AndroidManifest.xml:32:13-34:85
172                android:name="com.google.firebase.components:com.google.firebase.remoteconfig.RemoteConfigRegistrar"
172-->[com.google.firebase:firebase-config:23.0.1] AndroidManifest.xml:33:17-117
173                android:value="com.google.firebase.components.ComponentRegistrar" />
173-->[com.google.firebase:firebase-config:23.0.1] AndroidManifest.xml:34:17-82
174            <meta-data
174-->[com.google.firebase:firebase-abt:21.1.1] AndroidManifest.xml:12:13-14:85
175                android:name="com.google.firebase.components:com.google.firebase.abt.component.AbtRegistrar"
175-->[com.google.firebase:firebase-abt:21.1.1] AndroidManifest.xml:13:17-109
176                android:value="com.google.firebase.components.ComponentRegistrar" />
176-->[com.google.firebase:firebase-abt:21.1.1] AndroidManifest.xml:14:17-82
177            <meta-data
177-->[com.google.firebase:firebase-storage:22.0.1] AndroidManifest.xml:30:13-32:85
178                android:name="com.google.firebase.components:com.google.firebase.storage.FirebaseStorageKtxRegistrar"
178-->[com.google.firebase:firebase-storage:22.0.1] AndroidManifest.xml:31:17-118
179                android:value="com.google.firebase.components.ComponentRegistrar" />
179-->[com.google.firebase:firebase-storage:22.0.1] AndroidManifest.xml:32:17-82
180            <meta-data
180-->[com.google.firebase:firebase-storage:22.0.1] AndroidManifest.xml:33:13-35:85
181                android:name="com.google.firebase.components:com.google.firebase.storage.StorageRegistrar"
181-->[com.google.firebase:firebase-storage:22.0.1] AndroidManifest.xml:34:17-107
182                android:value="com.google.firebase.components.ComponentRegistrar" />
182-->[com.google.firebase:firebase-storage:22.0.1] AndroidManifest.xml:35:17-82
183            <meta-data
183-->[com.google.firebase:firebase-sessions:3.0.3] AndroidManifest.xml:25:13-27:85
184                android:name="com.google.firebase.components:com.google.firebase.sessions.FirebaseSessionsRegistrar"
184-->[com.google.firebase:firebase-sessions:3.0.3] AndroidManifest.xml:26:17-117
185                android:value="com.google.firebase.components.ComponentRegistrar" />
185-->[com.google.firebase:firebase-sessions:3.0.3] AndroidManifest.xml:27:17-82
186            <meta-data
186-->[com.google.firebase:firebase-installations:19.0.1] AndroidManifest.xml:15:13-17:85
187                android:name="com.google.firebase.components:com.google.firebase.installations.FirebaseInstallationsKtxRegistrar"
187-->[com.google.firebase:firebase-installations:19.0.1] AndroidManifest.xml:16:17-130
188                android:value="com.google.firebase.components.ComponentRegistrar" />
188-->[com.google.firebase:firebase-installations:19.0.1] AndroidManifest.xml:17:17-82
189            <meta-data
189-->[com.google.firebase:firebase-installations:19.0.1] AndroidManifest.xml:18:13-20:85
190                android:name="com.google.firebase.components:com.google.firebase.installations.FirebaseInstallationsRegistrar"
190-->[com.google.firebase:firebase-installations:19.0.1] AndroidManifest.xml:19:17-127
191                android:value="com.google.firebase.components.ComponentRegistrar" />
191-->[com.google.firebase:firebase-installations:19.0.1] AndroidManifest.xml:20:17-82
192            <meta-data
192-->[com.google.firebase:firebase-common:22.0.1] AndroidManifest.xml:35:13-37:85
193                android:name="com.google.firebase.components:com.google.firebase.FirebaseCommonKtxRegistrar"
193-->[com.google.firebase:firebase-common:22.0.1] AndroidManifest.xml:36:17-109
194                android:value="com.google.firebase.components.ComponentRegistrar" />
194-->[com.google.firebase:firebase-common:22.0.1] AndroidManifest.xml:37:17-82
195            <meta-data
195-->[com.google.firebase:firebase-appcheck:19.0.1] AndroidManifest.xml:25:13-27:85
196                android:name="com.google.firebase.components:com.google.firebase.appcheck.FirebaseAppCheckKtxRegistrar"
196-->[com.google.firebase:firebase-appcheck:19.0.1] AndroidManifest.xml:26:17-120
197                android:value="com.google.firebase.components.ComponentRegistrar" />
197-->[com.google.firebase:firebase-appcheck:19.0.1] AndroidManifest.xml:27:17-82
198            <meta-data
198-->[com.google.firebase:firebase-appcheck:19.0.1] AndroidManifest.xml:28:13-30:85
199                android:name="com.google.firebase.components:com.google.firebase.appcheck.FirebaseAppCheckRegistrar"
199-->[com.google.firebase:firebase-appcheck:19.0.1] AndroidManifest.xml:29:17-117
200                android:value="com.google.firebase.components.ComponentRegistrar" />
200-->[com.google.firebase:firebase-appcheck:19.0.1] AndroidManifest.xml:30:17-82
201            <meta-data
201-->[com.google.firebase:firebase-datatransport:19.0.0] AndroidManifest.xml:25:13-27:85
202                android:name="com.google.firebase.components:com.google.firebase.datatransport.TransportRegistrar"
202-->[com.google.firebase:firebase-datatransport:19.0.0] AndroidManifest.xml:26:17-115
203                android:value="com.google.firebase.components.ComponentRegistrar" />
203-->[com.google.firebase:firebase-datatransport:19.0.0] AndroidManifest.xml:27:17-82
204        </service>
205
206        <activity
206-->[com.google.firebase:firebase-auth:24.0.1] AndroidManifest.xml:29:9-46:20
207            android:name="com.google.firebase.auth.internal.GenericIdpActivity"
207-->[com.google.firebase:firebase-auth:24.0.1] AndroidManifest.xml:30:13-80
208            android:excludeFromRecents="true"
208-->[com.google.firebase:firebase-auth:24.0.1] AndroidManifest.xml:31:13-46
209            android:exported="true"
209-->[com.google.firebase:firebase-auth:24.0.1] AndroidManifest.xml:32:13-36
210            android:launchMode="singleTask"
210-->[com.google.firebase:firebase-auth:24.0.1] AndroidManifest.xml:33:13-44
211            android:theme="@android:style/Theme.Translucent.NoTitleBar" >
211-->[com.google.firebase:firebase-auth:24.0.1] AndroidManifest.xml:34:13-72
212            <intent-filter>
212-->[com.google.firebase:firebase-auth:24.0.1] AndroidManifest.xml:35:13-45:29
213                <action android:name="android.intent.action.VIEW" />
213-->[com.google.firebase:firebase-auth:24.0.1] AndroidManifest.xml:36:17-69
213-->[com.google.firebase:firebase-auth:24.0.1] AndroidManifest.xml:36:25-66
214
215                <category android:name="android.intent.category.DEFAULT" />
215-->[com.google.firebase:firebase-auth:24.0.1] AndroidManifest.xml:38:17-76
215-->[com.google.firebase:firebase-auth:24.0.1] AndroidManifest.xml:38:27-73
216                <category android:name="android.intent.category.BROWSABLE" />
216-->[com.google.firebase:firebase-auth:24.0.1] AndroidManifest.xml:39:17-78
216-->[com.google.firebase:firebase-auth:24.0.1] AndroidManifest.xml:39:27-75
217
218                <data
218-->[com.google.firebase:firebase-auth:24.0.1] AndroidManifest.xml:41:17-44:51
219                    android:host="firebase.auth"
219-->[com.google.firebase:firebase-auth:24.0.1] AndroidManifest.xml:42:21-49
220                    android:path="/"
220-->[com.google.firebase:firebase-auth:24.0.1] AndroidManifest.xml:43:21-37
221                    android:scheme="genericidp" />
221-->[com.google.firebase:firebase-auth:24.0.1] AndroidManifest.xml:44:21-48
222            </intent-filter>
223        </activity>
224        <activity
224-->[com.google.firebase:firebase-auth:24.0.1] AndroidManifest.xml:47:9-64:20
225            android:name="com.google.firebase.auth.internal.RecaptchaActivity"
225-->[com.google.firebase:firebase-auth:24.0.1] AndroidManifest.xml:48:13-79
226            android:excludeFromRecents="true"
226-->[com.google.firebase:firebase-auth:24.0.1] AndroidManifest.xml:49:13-46
227            android:exported="true"
227-->[com.google.firebase:firebase-auth:24.0.1] AndroidManifest.xml:50:13-36
228            android:launchMode="singleTask"
228-->[com.google.firebase:firebase-auth:24.0.1] AndroidManifest.xml:51:13-44
229            android:theme="@android:style/Theme.Translucent.NoTitleBar" >
229-->[com.google.firebase:firebase-auth:24.0.1] AndroidManifest.xml:52:13-72
230            <intent-filter>
230-->[com.google.firebase:firebase-auth:24.0.1] AndroidManifest.xml:53:13-63:29
231                <action android:name="android.intent.action.VIEW" />
231-->[com.google.firebase:firebase-auth:24.0.1] AndroidManifest.xml:36:17-69
231-->[com.google.firebase:firebase-auth:24.0.1] AndroidManifest.xml:36:25-66
232
233                <category android:name="android.intent.category.DEFAULT" />
233-->[com.google.firebase:firebase-auth:24.0.1] AndroidManifest.xml:38:17-76
233-->[com.google.firebase:firebase-auth:24.0.1] AndroidManifest.xml:38:27-73
234                <category android:name="android.intent.category.BROWSABLE" />
234-->[com.google.firebase:firebase-auth:24.0.1] AndroidManifest.xml:39:17-78
234-->[com.google.firebase:firebase-auth:24.0.1] AndroidManifest.xml:39:27-75
235
236                <data
236-->[com.google.firebase:firebase-auth:24.0.1] AndroidManifest.xml:41:17-44:51
237                    android:host="firebase.auth"
237-->[com.google.firebase:firebase-auth:24.0.1] AndroidManifest.xml:42:21-49
238                    android:path="/"
238-->[com.google.firebase:firebase-auth:24.0.1] AndroidManifest.xml:43:21-37
239                    android:scheme="recaptcha" />
239-->[com.google.firebase:firebase-auth:24.0.1] AndroidManifest.xml:44:21-48
240            </intent-filter>
241        </activity>
242
243        <receiver
243-->[com.google.firebase:firebase-messaging:25.0.1] AndroidManifest.xml:29:9-40:20
244            android:name="com.google.firebase.iid.FirebaseInstanceIdReceiver"
244-->[com.google.firebase:firebase-messaging:25.0.1] AndroidManifest.xml:30:13-78
245            android:exported="true"
245-->[com.google.firebase:firebase-messaging:25.0.1] AndroidManifest.xml:31:13-36
246            android:permission="com.google.android.c2dm.permission.SEND" >
246-->[com.google.firebase:firebase-messaging:25.0.1] AndroidManifest.xml:32:13-73
247            <intent-filter>
247-->[com.google.firebase:firebase-messaging:25.0.1] AndroidManifest.xml:33:13-35:29
248                <action android:name="com.google.android.c2dm.intent.RECEIVE" />
248-->[com.google.firebase:firebase-messaging:25.0.1] AndroidManifest.xml:34:17-81
248-->[com.google.firebase:firebase-messaging:25.0.1] AndroidManifest.xml:34:25-78
249            </intent-filter>
250
251            <meta-data
251-->[com.google.firebase:firebase-messaging:25.0.1] AndroidManifest.xml:37:13-39:40
252                android:name="com.google.android.gms.cloudmessaging.FINISHED_AFTER_HANDLED"
252-->[com.google.firebase:firebase-messaging:25.0.1] AndroidManifest.xml:38:17-92
253                android:value="true" />
253-->[com.google.firebase:firebase-messaging:25.0.1] AndroidManifest.xml:39:17-37
254        </receiver>
255        <!--
256             FirebaseMessagingService performs security checks at runtime,
257             but set to not exported to explicitly avoid allowing another app to call it.
258        -->
259        <service
259-->[com.google.firebase:firebase-messaging:25.0.1] AndroidManifest.xml:46:9-53:19
260            android:name="com.google.firebase.messaging.FirebaseMessagingService"
260-->[com.google.firebase:firebase-messaging:25.0.1] AndroidManifest.xml:47:13-82
261            android:directBootAware="true"
261-->[com.google.firebase:firebase-messaging:25.0.1] AndroidManifest.xml:48:13-43
262            android:exported="false" >
262-->[com.google.firebase:firebase-messaging:25.0.1] AndroidManifest.xml:49:13-37
263            <intent-filter android:priority="-500" >